Mono path[0] = 'C:/Users/fight/Desktop/unity_env/2021_RLKR_Drone_Delivery_Challenge_with_Unity-master/baseline/RLVillage/DroneDelivery_Data/Managed'
Mono config path = 'C:/Users/fight/Desktop/unity_env/2021_RLKR_Drone_Delivery_Challenge_with_Unity-master/baseline/RLVillage/MonoBleedingEdge/etc'
Initialize engine version: 2021.1.6f1 (d6fd741ee4c5)
[Subsystems] Discovering subsystems at path C:/Users/fight/Desktop/unity_env/2021_RLKR_Drone_Delivery_Challenge_with_Unity-master/baseline/RLVillage/DroneDelivery_Data/UnitySubsystems
GfxDevice: creating device client; threaded=1; jobified=0
Direct3D:
    Version:  Direct3D 11.0 [level 11.1]
    Renderer: NVIDIA GeForce RTX 3090 (ID=0x2204)
    Vendor:   NVIDIA
    VRAM:     24340 MB
    Driver:   31.0.15.2756
Begin MonoManager ReloadAssembly
- Completed reload, in  2.203 seconds
D3D11 device created for Microsoft Media Foundation video decoding.
<RI> Initializing input.
<RI> Input initialized.
<RI> Initialized touch support.
Direct3D: detected that using refresh rate causes time drift. Will stop trusting refresh rate until the game window is moved.
Direct3D: detected that vsync is broken (it does not limit frame rate properly). Delta time will now be calculated using cpu-side time stampling until the game window is moved.
UnloadTime: 0.628100 ms
Fallback handler could not load library C:/Users/fight/Desktop/unity_env/2021_RLKR_Drone_Delivery_Challenge_with_Unity-master/baseline/RLVillage/DroneDelivery_Data/Mono/libcoreclr.so
Fallback handler could not load library C:/Users/fight/Desktop/unity_env/2021_RLKR_Drone_Delivery_Challenge_with_Unity-master/baseline/RLVillage/DroneDelivery_Data/Mono/libcoreclr.so.dll
Fallback handler could not load library C:/Users/fight/Desktop/unity_env/2021_RLKR_Drone_Delivery_Challenge_with_Unity-master/baseline/RLVillage/DroneDelivery_Data/Mono/libcoreclr.so
Fallback handler could not load library C:/Users/fight/Desktop/unity_env/2021_RLKR_Drone_Delivery_Challenge_with_Unity-master/baseline/RLVillage/DroneDelivery_Data/Mono/libdl.so
Fallback handler could not load library C:/Users/fight/Desktop/unity_env/2021_RLKR_Drone_Delivery_Challenge_with_Unity-master/baseline/RLVillage/DroneDelivery_Data/Mono/libdl.so.dll
Fallback handler could not load library C:/Users/fight/Desktop/unity_env/2021_RLKR_Drone_Delivery_Challenge_with_Unity-master/baseline/RLVillage/DroneDelivery_Data/Mono/libdl.so
Fallback handler could not load library C:/Users/fight/Desktop/unity_env/2021_RLKR_Drone_Delivery_Challenge_with_Unity-master/baseline/RLVillage/DroneDelivery_Data/Mono/libSystem.dylib
Fallback handler could not load library C:/Users/fight/Desktop/unity_env/2021_RLKR_Drone_Delivery_Challenge_with_Unity-master/baseline/RLVillage/DroneDelivery_Data/Mono/libSystem.dylib.dll
Fallback handler could not load library C:/Users/fight/Desktop/unity_env/2021_RLKR_Drone_Delivery_Challenge_with_Unity-master/baseline/RLVillage/DroneDelivery_Data/Mono/libSystem.dylib
Fallback handler could not load library C:/Users/fight/Desktop/unity_env/2021_RLKR_Drone_Delivery_Challenge_with_Unity-master/baseline/RLVillage/DroneDelivery_Data/Mono/libcoreclr.so
Fallback handler could not load library C:/Users/fight/Desktop/unity_env/2021_RLKR_Drone_Delivery_Challenge_with_Unity-master/baseline/RLVillage/DroneDelivery_Data/Mono/libcoreclr.so.dll
Fallback handler could not load library C:/Users/fight/Desktop/unity_env/2021_RLKR_Drone_Delivery_Challenge_with_Unity-master/baseline/RLVillage/DroneDelivery_Data/Mono/libcoreclr.so
Fallback handler could not load library C:/Users/fight/Desktop/unity_env/2021_RLKR_Drone_Delivery_Challenge_with_Unity-master/baseline/RLVillage/DroneDelivery_Data/Mono/libdl.so
Fallback handler could not load library C:/Users/fight/Desktop/unity_env/2021_RLKR_Drone_Delivery_Challenge_with_Unity-master/baseline/RLVillage/DroneDelivery_Data/Mono/libdl.so.dll
Fallback handler could not load library C:/Users/fight/Desktop/unity_env/2021_RLKR_Drone_Delivery_Challenge_with_Unity-master/baseline/RLVillage/DroneDelivery_Data/Mono/libdl.so
Fallback handler could not load library C:/Users/fight/Desktop/unity_env/2021_RLKR_Drone_Delivery_Challenge_with_Unity-master/baseline/RLVillage/DroneDelivery_Data/Mono/libSystem.dylib
Fallback handler could not load library C:/Users/fight/Desktop/unity_env/2021_RLKR_Drone_Delivery_Challenge_with_Unity-master/baseline/RLVillage/DroneDelivery_Data/Mono/libSystem.dylib.dll
Fallback handler could not load library C:/Users/fight/Desktop/unity_env/2021_RLKR_Drone_Delivery_Challenge_with_Unity-master/baseline/RLVillage/DroneDelivery_Data/Mono/libSystem.dylib
Setting up 8 worker threads for Enlighten.
  Thread -> id: a3ac -> priority: 1 
  Thread -> id: 9528 -> priority: 1 
  Thread -> id: 1bac -> priority: 1 
  Thread -> id: a484 -> priority: 1 
  Thread -> id: 2460 -> priority: 1 
  Thread -> id: 6b44 -> priority: 1 
  Thread -> id: 5c84 -> priority: 1 
  Thread -> id: 385c -> priority: 1 
